This is XeTeX, Version 3.141592653-2.6-0.999997 (TeX Live 2025) (preloaded format=xelatex 2025.7.23)  1 NOV 2025 22:10
entering extended mode
 restricted \write18 enabled.
 file:line:error style messages enabled.
 %&-line parsing enabled.
**/home/ru6by/Documents/lean/Official_Lean_Project/hatcher_algtop_lean/blueprint/src/web.tex
(/home/ru6by/Documents/lean/Official_Lean_Project/hatcher_algtop_lean/blueprint/src/web.tex
LaTeX2e <2025-06-01> patch level 1
L3 programming layer <2025-07-19>
(/usr/local/texlive/2025/texmf-dist/tex/latex/base/report.cls
Document Class: report 2025/01/22 v1.4n Standard LaTeX document class
(/usr/local/texlive/2025/texmf-dist/tex/latex/base/size10.clo
File: size10.clo 2025/01/22 v1.4n Standard LaTeX file (size option)
)
\c@part=\count271
\c@chapter=\count272
\c@section=\count273
\c@subsection=\count274
\c@subsubsection=\count275
\c@paragraph=\count276
\c@subparagraph=\count277
\c@figure=\count278
\c@table=\count279
\abovecaptionskip=\skip49
\belowcaptionskip=\skip50
\bibindent=\dimen148
) (/usr/local/texlive/2025/texmf-dist/tex/latex/amsfonts/amssymb.sty
Package: amssymb 2013/01/14 v3.01 AMS font symbols
 (/usr/local/texlive/2025/texmf-dist/tex/latex/amsfonts/amsfonts.sty
Package: amsfonts 2013/01/14 v3.01 Basic AMSFonts support
\@emptytoks=\toks17
\symAMSa=\mathgroup4
\symAMSb=\mathgroup5
LaTeX Font Info:    Redeclaring math symbol \hbar on input line 98.
LaTeX Font Info:    Overwriting math alphabet `\mathfrak' in version `bold'
(Font)                  U/euf/m/n --> U/euf/b/n on input line 106.
)) (/usr/local/texlive/2025/texmf-dist/tex/latex/amscls/amsthm.sty
Package: amsthm 2020/05/29 v2.20.6
\thm@style=\toks18
\thm@bodyfont=\toks19
\thm@headfont=\toks20
\thm@notefont=\toks21
\thm@headpunct=\toks22
\thm@preskip=\skip51
\thm@postskip=\skip52
\thm@headsep=\skip53
\dth@everypar=\toks23
) (/usr/local/texlive/2025/texmf-dist/tex/latex/amsmath/amsmath.sty
Package: amsmath 2025/06/16 v2.17y AMS math features
\@mathmargin=\skip54

For additional information on amsmath, use the `?' option.
(/usr/local/texlive/2025/texmf-dist/tex/latex/amsmath/amstext.sty
Package: amstext 2024/11/17 v2.01 AMS text
 (/usr/local/texlive/2025/texmf-dist/tex/latex/amsmath/amsgen.sty
File: amsgen.sty 1999/11/30 v2.0 generic functions
\@emptytoks=\toks24
\ex@=\dimen149
)) (/usr/local/texlive/2025/texmf-dist/tex/latex/amsmath/amsbsy.sty
Package: amsbsy 1999/11/29 v1.2d Bold Symbols
\pmbraise@=\dimen150
) (/usr/local/texlive/2025/texmf-dist/tex/latex/amsmath/amsopn.sty
Package: amsopn 2022/04/08 v2.04 operator names
)
\inf@bad=\count280
LaTeX Info: Redefining \frac on input line 233.
\uproot@=\count281
\leftroot@=\count282
LaTeX Info: Redefining \overline on input line 398.
LaTeX Info: Redefining \colon on input line 409.
\classnum@=\count283
\DOTSCASE@=\count284
LaTeX Info: Redefining \ldots on input line 495.
LaTeX Info: Redefining \dots on input line 498.
LaTeX Info: Redefining \cdots on input line 619.
\Mathstrutbox@=\box53
\strutbox@=\box54
LaTeX Info: Redefining \big on input line 721.
LaTeX Info: Redefining \Big on input line 722.
LaTeX Info: Redefining \bigg on input line 723.
LaTeX Info: Redefining \Bigg on input line 724.
\big@size=\dimen151
LaTeX Font Info:    Redeclaring font encoding OML on input line 742.
LaTeX Font Info:    Redeclaring font encoding OMS on input line 743.
\macc@depth=\count285
LaTeX Info: Redefining \bmod on input line 904.
LaTeX Info: Redefining \pmod on input line 909.
LaTeX Info: Redefining \smash on input line 939.
LaTeX Info: Redefining \relbar on input line 969.
LaTeX Info: Redefining \Relbar on input line 970.
\c@MaxMatrixCols=\count286
\dotsspace@=\muskip17
\c@parentequation=\count287
\dspbrk@lvl=\count288
\tag@help=\toks25
\row@=\count289
\column@=\count290
\maxfields@=\count291
\andhelp@=\toks26
\eqnshift@=\dimen152
\alignsep@=\dimen153
\tagshift@=\dimen154
\tagwidth@=\dimen155
\totwidth@=\dimen156
\lineht@=\dimen157
\@envbody=\toks27
\multlinegap=\skip55
\multlinetaggap=\skip56
\mathdisplay@stack=\toks28
LaTeX Info: Redefining \[ on input line 2949.
LaTeX Info: Redefining \] on input line 2950.
) (/usr/local/texlive/2025/texmf-dist/tex/latex/hyperref/hyperref.sty
Package: hyperref 2025-07-12 v7.01o Hypertext links for LaTeX
 (/usr/local/texlive/2025/texmf-dist/tex/generic/iftex/iftex.sty
Package: iftex 2024/12/12 v1.0g TeX engine tests
) (/usr/local/texlive/2025/texmf-dist/tex/latex/graphics/keyval.sty
Package: keyval 2022/05/29 v1.15 key=value parser (DPC)
\KV@toks@=\toks29
) (/usr/local/texlive/2025/texmf-dist/tex/latex/kvsetkeys/kvsetkeys.sty
Package: kvsetkeys 2022-10-05 v1.19 Key value parser (HO)
) (/usr/local/texlive/2025/texmf-dist/tex/generic/kvdefinekeys/kvdefinekeys.sty
Package: kvdefinekeys 2019-12-19 v1.6 Define keys (HO)
) (/usr/local/texlive/2025/texmf-dist/tex/generic/pdfescape/pdfescape.sty
Package: pdfescape 2019/12/09 v1.15 Implements pdfTeX's escape features (HO)
 (/usr/local/texlive/2025/texmf-dist/tex/generic/ltxcmds/ltxcmds.sty
Package: ltxcmds 2023-12-04 v1.26 LaTeX kernel commands for general use (HO)
) (/usr/local/texlive/2025/texmf-dist/tex/generic/pdftexcmds/pdftexcmds.sty
Package: pdftexcmds 2020-06-27 v0.33 Utility functions of pdfTeX for LuaTeX (HO)
 (/usr/local/texlive/2025/texmf-dist/tex/generic/infwarerr/infwarerr.sty
Package: infwarerr 2019/12/03 v1.5 Providing info/warning/error messages (HO)
)
Package pdftexcmds Info: \pdf@primitive is available.
Package pdftexcmds Info: \pdf@ifprimitive is available.
Package pdftexcmds Info: \pdfdraftmode not found.
)) (/usr/local/texlive/2025/texmf-dist/tex/latex/hycolor/hycolor.sty
Package: hycolor 2020-01-27 v1.10 Color options for hyperref/bookmark (HO)
) (/usr/local/texlive/2025/texmf-dist/tex/latex/hyperref/nameref.sty
Package: nameref 2025-06-21 v2.57 Cross-referencing by name of section
 (/usr/local/texlive/2025/texmf-dist/tex/latex/refcount/refcount.sty
Package: refcount 2019/12/15 v3.6 Data extraction from label references (HO)
) (/usr/local/texlive/2025/texmf-dist/tex/generic/gettitlestring/gettitlestring.sty
Package: gettitlestring 2019/12/15 v1.6 Cleanup title references (HO)
 (/usr/local/texlive/2025/texmf-dist/tex/latex/kvoptions/kvoptions.sty
Package: kvoptions 2022-06-15 v3.15 Key value format for package options (HO)
))
\c@section@level=\count292
) (/usr/local/texlive/2025/texmf-dist/tex/latex/etoolbox/etoolbox.sty
Package: etoolbox 2025/02/11 v2.5l e-TeX tools for LaTeX (JAW)
\etb@tempcnta=\count293
) (/usr/local/texlive/2025/texmf-dist/tex/generic/stringenc/stringenc.sty
Package: stringenc 2019/11/29 v1.12 Convert strings between diff. encodings (HO)
)
\@linkdim=\dimen158
\Hy@linkcounter=\count294
\Hy@pagecounter=\count295
 (/usr/local/texlive/2025/texmf-dist/tex/latex/hyperref/pd1enc.def
File: pd1enc.def 2025-07-12 v7.01o Hyperref: PDFDocEncoding definition (HO)
) (/usr/local/texlive/2025/texmf-dist/tex/generic/intcalc/intcalc.sty
Package: intcalc 2019/12/15 v1.3 Expandable calculations with integers (HO)
)
\Hy@SavedSpaceFactor=\count296
 (/usr/local/texlive/2025/texmf-dist/tex/latex/hyperref/puenc.def
File: puenc.def 2025-07-12 v7.01o Hyperref: PDF Unicode definition (HO)
)
Package hyperref Info: Hyper figures OFF on input line 4195.
Package hyperref Info: Link nesting OFF on input line 4200.
Package hyperref Info: Hyper index ON on input line 4203.
Package hyperref Info: Plain pages OFF on input line 4210.
Package hyperref Info: Backreferencing OFF on input line 4215.
Package hyperref Info: Implicit mode ON; LaTeX internals redefined.
Package hyperref Info: Bookmarks ON on input line 4462.
\c@Hy@tempcnt=\count297
 (/usr/local/texlive/2025/texmf-dist/tex/latex/url/url.sty
\Urlmuskip=\muskip18
Package: url 2013/09/16  ver 3.4  Verb mode for urls, etc.
)
LaTeX Info: Redefining \url on input line 4801.
\XeTeXLinkMargin=\dimen159
 (/usr/local/texlive/2025/texmf-dist/tex/generic/bitset/bitset.sty
Package: bitset 2019/12/09 v1.3 Handle bit-vector datatype (HO)
 (/usr/local/texlive/2025/texmf-dist/tex/generic/bigintcalc/bigintcalc.sty
Package: bigintcalc 2019/12/15 v1.5 Expandable calculations on big integers (HO)
))
\Fld@menulength=\count298
\Field@Width=\dimen160
\Fld@charsize=\dimen161
Package hyperref Info: Hyper figures OFF on input line 6078.
Package hyperref Info: Link nesting OFF on input line 6083.
Package hyperref Info: Hyper index ON on input line 6086.
Package hyperref Info: backreferencing OFF on input line 6093.
Package hyperref Info: Link coloring OFF on input line 6098.
Package hyperref Info: Link coloring with OCG OFF on input line 6103.
Package hyperref Info: PDF/A mode OFF on input line 6108.
\Hy@abspage=\count299
\c@Item=\count300
\c@Hfootnote=\count301
)
Package hyperref Info: Driver (autodetected): hxetex.
 (/usr/local/texlive/2025/texmf-dist/tex/latex/hyperref/hxetex.def
File: hxetex.def 2025-07-12 v7.01o Hyperref driver for XeTeX
\pdfm@box=\box55
\c@Hy@AnnotLevel=\count302
\HyField@AnnotCount=\count303
\Fld@listcount=\count304
\c@bookmark@seq@number=\count305
 (/usr/local/texlive/2025/texmf-dist/tex/latex/rerunfilecheck/rerunfilecheck.sty
Package: rerunfilecheck 2025-06-21 v1.11 Rerun checks for auxiliary files (HO)
 (/usr/local/texlive/2025/texmf-dist/tex/generic/uniquecounter/uniquecounter.sty
Package: uniquecounter 2019/12/15 v1.4 Provide unlimited unique counter (HO)
)
Package uniquecounter Info: New unique counter `rerunfilecheck' on input line 284.
)
\Hy@SectionHShift=\skip57
) (./blueprint.sty) (./macros/common.tex
\c@theorem=\count306
) (./macros/web.tex)
/home/ru6by/Documents/lean/Official_Lean_Project/hatcher_algtop_lean/blueprint/src/web.tex:17: Undefined control sequence.
l.17 \home
          {https://szaranczuk.github.io/hatcher_algtop_lean}
The control sequence at the end of the top line
of your error message was never \def'ed. If you have
misspelled it (e.g., `\hobx'), type `I' and the correct
spelling (e.g., `I\hbox'). Otherwise just continue,
and I'll forget about whatever was undefined.


/home/ru6by/Documents/lean/Official_Lean_Project/hatcher_algtop_lean/blueprint/src/web.tex:17: LaTeX Error: Missing \begin{document}.

See the LaTeX manual or LaTeX Companion for explanation.
Type  H <return>  for immediate help.
 ...                                              
                                                  
l.17 \home{h
            ttps://szaranczuk.github.io/hatcher_algtop_lean}
You're in trouble here.  Try typing  <return>  to proceed.
If that doesn't work, type  X <return>  to quit.

/home/ru6by/Documents/lean/Official_Lean_Project/hatcher_algtop_lean/blueprint/src/web.tex:17: Missing $ inserted.
<inserted text> 
                $
l.17 \home{https://szaranczuk.github.io/hatcher_
                                                algtop_lean}
I've inserted a begin-math/end-math symbol since I think
you left one out. Proceed, with fingers crossed.

LaTeX Font Info:    Trying to load font information for U+msa on input line 17.
(/usr/local/texlive/2025/texmf-dist/tex/latex/amsfonts/umsa.fd
File: umsa.fd 2013/01/14 v3.01 AMS symbols A
)
LaTeX Font Info:    Trying to load font information for U+msb on input line 17.
 (/usr/local/texlive/2025/texmf-dist/tex/latex/amsfonts/umsb.fd
File: umsb.fd 2013/01/14 v3.01 AMS symbols B
)
/home/ru6by/Documents/lean/Official_Lean_Project/hatcher_algtop_lean/blueprint/src/web.tex:17: Extra }, or forgotten $.
l.17 .../szaranczuk.github.io/hatcher_algtop_lean}
                                                  
I've deleted a group-closing symbol because it seems to be
spurious, as in `$x}$'. But perhaps the } is legitimate and
you forgot something else, as in `\hbox{$x}'. In such cases
the way to recover is to insert both the forgotten and the
deleted material, e.g., by typing `I$}'.

/home/ru6by/Documents/lean/Official_Lean_Project/hatcher_algtop_lean/blueprint/src/web.tex:18: Undefined control sequence.
l.18 \github
            {https://github.com/szaranczuk/hatcher_algtop_lean}
The control sequence at the end of the top line
of your error message was never \def'ed. If you have
misspelled it (e.g., `\hobx'), type `I' and the correct
spelling (e.g., `I\hbox'). Otherwise just continue,
and I'll forget about whatever was undefined.

/home/ru6by/Documents/lean/Official_Lean_Project/hatcher_algtop_lean/blueprint/src/web.tex:19: Undefined control sequence.
l.19 \dochome
             {https://szaranczuk.github.io/hatcher_algtop_lean/docs}
The control sequence at the end of the top line
of your error message was never \def'ed. If you have
misspelled it (e.g., `\hobx'), type `I' and the correct
spelling (e.g., `I\hbox'). Otherwise just continue,
and I'll forget about whatever was undefined.

/home/ru6by/Documents/lean/Official_Lean_Project/hatcher_algtop_lean/blueprint/src/web.tex:20: Missing $ inserted.
<inserted text> 
                $
l.20 
     
I've inserted a begin-math/end-math symbol since I think
you left one out. Proceed, with fingers crossed.


Overfull \hbox (351.89552pt too wide) in paragraph at lines 17--20
[]\TU/lmr/m/n/10 https://szaranczuk.github.io/hatcher$[]\OML/cmm/m/it/10 lgtop[]ean[][]$ 
 []

(/usr/local/texlive/2025/texmf-dist/tex/latex/l3backend/l3backend-xetex.def
File: l3backend-xetex.def 2025-06-09 L3 backend support: XeTeX
\g__graphics_track_int=\count307
\g__pdfannot_backend_int=\count308
\g__pdfannot_backend_link_int=\count309
) (./web.aux)
\openout1 = `web.aux'.

LaTeX Font Info:    Checking defaults for OML/cmm/m/it on input line 24.
LaTeX Font Info:    ... okay on input line 24.
LaTeX Font Info:    Checking defaults for OMS/cmsy/m/n on input line 24.
LaTeX Font Info:    ... okay on input line 24.
LaTeX Font Info:    Checking defaults for OT1/cmr/m/n on input line 24.
LaTeX Font Info:    ... okay on input line 24.
LaTeX Font Info:    Checking defaults for T1/cmr/m/n on input line 24.
LaTeX Font Info:    ... okay on input line 24.
LaTeX Font Info:    Checking defaults for TS1/cmr/m/n on input line 24.
LaTeX Font Info:    ... okay on input line 24.
LaTeX Font Info:    Checking defaults for TU/lmr/m/n on input line 24.
LaTeX Font Info:    ... okay on input line 24.
LaTeX Font Info:    Checking defaults for OMX/cmex/m/n on input line 24.
LaTeX Font Info:    ... okay on input line 24.
LaTeX Font Info:    Checking defaults for U/cmr/m/n on input line 24.
LaTeX Font Info:    ... okay on input line 24.
LaTeX Font Info:    Checking defaults for PD1/pdf/m/n on input line 24.
LaTeX Font Info:    ... okay on input line 24.
LaTeX Font Info:    Checking defaults for PU/pdf/m/n on input line 24.
LaTeX Font Info:    ... okay on input line 24.
Package hyperref Info: Link coloring OFF on input line 24.
\@outlinefile=\write3
\openout3 = `web.out'.



Package hyperref Warning: Rerun to get /PageLabels entry.



[1

]

[1] (./content.tex
Chapter 1.
./content.tex:36: Undefined control sequence.
l.36         \uses
                  {def:path}
The control sequence at the end of the top line
of your error message was never \def'ed. If you have
misspelled it (e.g., `\hobx'), type `I' and the correct
spelling (e.g., `I\hbox'). Otherwise just continue,
and I'll forget about whatever was undefined.

./content.tex:43: Undefined control sequence.
l.43         \uses
                  {def:path, def:homotopy}
The control sequence at the end of the top line
of your error message was never \def'ed. If you have
misspelled it (e.g., `\hobx'), type `I' and the correct
spelling (e.g., `I\hbox'). Otherwise just continue,
and I'll forget about whatever was undefined.

./content.tex:51: Undefined control sequence.
l.51         \uses
                  {def:path_homotopy}
The control sequence at the end of the top line
of your error message was never \def'ed. If you have
misspelled it (e.g., `\hobx'), type `I' and the correct
spelling (e.g., `I\hbox'). Otherwise just continue,
and I'll forget about whatever was undefined.

./content.tex:51: Missing $ inserted.
<inserted text> 
                $
l.51         \uses{def:path_
                            homotopy}
I've inserted a begin-math/end-math symbol since I think
you left one out. Proceed, with fingers crossed.

./content.tex:51: Extra }, or forgotten $.
l.51         \uses{def:path_homotopy}
                                     
I've deleted a group-closing symbol because it seems to be
spurious, as in `$x}$'. But perhaps the } is legitimate and
you forgot something else, as in `\hbox{$x}'. In such cases
the way to recover is to insert both the forgotten and the
deleted material, e.g., by typing `I$}'.

./content.tex:52: Missing $ inserted.
<inserted text> 
                $
l.52 
     
I've inserted a begin-math/end-math symbol since I think
you left one out. Proceed, with fingers crossed.

./content.tex:52: Missing } inserted.
<inserted text> 
                }
l.52 
     
I've inserted something that you may have forgotten.
(See the <inserted text> above.)
With luck, this will get me unwedged. But if you
really didn't forget anything, try typing `2' now; then
my insertion and my current dilemma will both disappear.

./content.tex:58: Undefined control sequence.
l.58         \uses
                  {def:homotopy}
The control sequence at the end of the top line
of your error message was never \def'ed. If you have
misspelled it (e.g., `\hobx'), type `I' and the correct
spelling (e.g., `I\hbox'). Otherwise just continue,
and I'll forget about whatever was undefined.

./content.tex:65: Undefined control sequence.
l.65         \uses
                  {thm:homotopy_equiv, def:path_homotopy}
The control sequence at the end of the top line
of your error message was never \def'ed. If you have
misspelled it (e.g., `\hobx'), type `I' and the correct
spelling (e.g., `I\hbox'). Otherwise just continue,
and I'll forget about whatever was undefined.

./content.tex:65: Missing $ inserted.
<inserted text> 
                $
l.65         \uses{thm:homotopy_
                                equiv, def:path_homotopy}
I've inserted a begin-math/end-math symbol since I think
you left one out. Proceed, with fingers crossed.

./content.tex:65: Extra }, or forgotten $.
l.65 ...ses{thm:homotopy_equiv, def:path_homotopy}
                                                  
I've deleted a group-closing symbol because it seems to be
spurious, as in `$x}$'. But perhaps the } is legitimate and
you forgot something else, as in `\hbox{$x}'. In such cases
the way to recover is to insert both the forgotten and the
deleted material, e.g., by typing `I$}'.

./content.tex:66: Missing $ inserted.
<inserted text> 
                $
l.66 
     
I've inserted a begin-math/end-math symbol since I think
you left one out. Proceed, with fingers crossed.

./content.tex:66: Missing } inserted.
<inserted text> 
                }
l.66 
     
I've inserted something that you may have forgotten.
(See the <inserted text> above.)
With luck, this will get me unwedged. But if you
really didn't forget anything, try typing `2' now; then
my insertion and my current dilemma will both disappear.


Overfull \hbox (15.22272pt too wide) in paragraph at lines 65--66
[]\TU/lmr/bx/n/10 Theorem 7 \TU/lmr/m/n/10 (Homotopy of paths is equvialence relation)\TU/lmr/bx/n/10 . \TU/lmr/m/it/10 thm:homotopy$[]\OML/cmm/m/it/10 quiv; def \OT1/cmr/m/n/10 :
 []



[1

]
./content.tex:72: Undefined control sequence.
l.72         \uses
                  {def:path}
The control sequence at the end of the top line
of your error message was never \def'ed. If you have
misspelled it (e.g., `\hobx'), type `I' and the correct
spelling (e.g., `I\hbox'). Otherwise just continue,
and I'll forget about whatever was undefined.

./content.tex:87: Undefined control sequence.
l.87         \uses
                  {def:path}
The control sequence at the end of the top line
of your error message was never \def'ed. If you have
misspelled it (e.g., `\hobx'), type `I' and the correct
spelling (e.g., `I\hbox'). Otherwise just continue,
and I'll forget about whatever was undefined.

./content.tex:98: Undefined control sequence.
l.98         \uses
                  {def:path,def:path_composition}
The control sequence at the end of the top line
of your error message was never \def'ed. If you have
misspelled it (e.g., `\hobx'), type `I' and the correct
spelling (e.g., `I\hbox'). Otherwise just continue,
and I'll forget about whatever was undefined.

./content.tex:98: Missing $ inserted.
<inserted text> 
                $
l.98         \uses{def:path,def:path_
                                     composition}
I've inserted a begin-math/end-math symbol since I think
you left one out. Proceed, with fingers crossed.

./content.tex:98: Extra }, or forgotten $.
l.98         \uses{def:path,def:path_composition}
                                                 
I've deleted a group-closing symbol because it seems to be
spurious, as in `$x}$'. But perhaps the } is legitimate and
you forgot something else, as in `\hbox{$x}'. In such cases
the way to recover is to insert both the forgotten and the
deleted material, e.g., by typing `I$}'.

./content.tex:99: Missing $ inserted.
<inserted text> 
                $
l.99 
     
I've inserted a begin-math/end-math symbol since I think
you left one out. Proceed, with fingers crossed.

./content.tex:99: Missing } inserted.
<inserted text> 
                }
l.99 
     
I've inserted something that you may have forgotten.
(See the <inserted text> above.)
With luck, this will get me unwedged. But if you
really didn't forget anything, try typing `2' now; then
my insertion and my current dilemma will both disappear.


LaTeX Warning: Reference `def:path_composition' on page 2 undefined on input line 100.

./content.tex:105: Undefined control sequence.
l.105         \uses
                   {def:path,def:path_inverse}
The control sequence at the end of the top line
of your error message was never \def'ed. If you have
misspelled it (e.g., `\hobx'), type `I' and the correct
spelling (e.g., `I\hbox'). Otherwise just continue,
and I'll forget about whatever was undefined.

./content.tex:105: Missing $ inserted.
<inserted text> 
                $
l.105         \uses{def:path,def:path_
                                      inverse}
I've inserted a begin-math/end-math symbol since I think
you left one out. Proceed, with fingers crossed.

./content.tex:105: Extra }, or forgotten $.
l.105         \uses{def:path,def:path_inverse}
                                              
I've deleted a group-closing symbol because it seems to be
spurious, as in `$x}$'. But perhaps the } is legitimate and
you forgot something else, as in `\hbox{$x}'. In such cases
the way to recover is to insert both the forgotten and the
deleted material, e.g., by typing `I$}'.

./content.tex:106: Missing $ inserted.
<inserted text> 
                $
l.106 
      
I've inserted a begin-math/end-math symbol since I think
you left one out. Proceed, with fingers crossed.

./content.tex:106: Missing } inserted.
<inserted text> 
                }
l.106 
      
I've inserted something that you may have forgotten.
(See the <inserted text> above.)
With luck, this will get me unwedged. But if you
really didn't forget anything, try typing `2' now; then
my insertion and my current dilemma will both disappear.


LaTeX Warning: Reference `def:path_inverse' on page 2 undefined on input line 107.

./content.tex:112: Undefined control sequence.
l.112         \uses
                   {def:path, def:path_composition, def:path_homotopy,thm:pa...
The control sequence at the end of the top line
of your error message was never \def'ed. If you have
misspelled it (e.g., `\hobx'), type `I' and the correct
spelling (e.g., `I\hbox'). Otherwise just continue,
and I'll forget about whatever was undefined.

./content.tex:112: Missing $ inserted.
<inserted text> 
                $
l.112         \uses{def:path, def:path_
                                       composition, def:path_homotopy,thm:pa...
I've inserted a begin-math/end-math symbol since I think
you left one out. Proceed, with fingers crossed.

./content.tex:112: Extra }, or forgotten $.
l.112 ...ef:path_homotopy,thm:path_homotopy_equiv}
                                                  
I've deleted a group-closing symbol because it seems to be
spurious, as in `$x}$'. But perhaps the } is legitimate and
you forgot something else, as in `\hbox{$x}'. In such cases
the way to recover is to insert both the forgotten and the
deleted material, e.g., by typing `I$}'.

./content.tex:113: Missing $ inserted.
<inserted text> 
                $
l.113 
      
I've inserted a begin-math/end-math symbol since I think
you left one out. Proceed, with fingers crossed.

./content.tex:113: Missing } inserted.
<inserted text> 
                }
l.113 
      
I've inserted something that you may have forgotten.
(See the <inserted text> above.)
With luck, this will get me unwedged. But if you
really didn't forget anything, try typing `2' now; then
my insertion and my current dilemma will both disappear.


Overfull \hbox (82.71338pt too wide) in paragraph at lines 112--113
[]\TU/lmr/bx/n/10 Lemma 12 \TU/lmr/m/n/10 (Composition of paths depend on homotopy class)\TU/lmr/bx/n/10 . \TU/lmr/m/it/10 def:path, def:path$[]\OML/cmm/m/it/10 omposition; def \OT1/cmr/m/n/10 :
 []

./content.tex:119: Undefined control sequence.
l.119         \uses
                   {def:path, def:path_inverse, def:path_homotopy,thm:path_h...
The control sequence at the end of the top line
of your error message was never \def'ed. If you have
misspelled it (e.g., `\hobx'), type `I' and the correct
spelling (e.g., `I\hbox'). Otherwise just continue,
and I'll forget about whatever was undefined.

./content.tex:119: Missing $ inserted.
<inserted text> 
                $
l.119         \uses{def:path, def:path_
                                       inverse, def:path_homotopy,thm:path_h...
I've inserted a begin-math/end-math symbol since I think
you left one out. Proceed, with fingers crossed.

./content.tex:119: Extra }, or forgotten $.
l.119 ...ef:path_homotopy,thm:path_homotopy_equiv}
                                                  
I've deleted a group-closing symbol because it seems to be
spurious, as in `$x}$'. But perhaps the } is legitimate and
you forgot something else, as in `\hbox{$x}'. In such cases
the way to recover is to insert both the forgotten and the
deleted material, e.g., by typing `I$}'.

./content.tex:120: Missing $ inserted.
<inserted text> 
                $
l.120 
      
I've inserted a begin-math/end-math symbol since I think
you left one out. Proceed, with fingers crossed.

./content.tex:120: Missing } inserted.
<inserted text> 
                }
l.120 
      
I've inserted something that you may have forgotten.
(See the <inserted text> above.)
With luck, this will get me unwedged. But if you
really didn't forget anything, try typing `2' now; then
my insertion and my current dilemma will both disappear.


Overfull \hbox (37.71239pt too wide) in paragraph at lines 119--120
[]\TU/lmr/bx/n/10 Lemma 13 \TU/lmr/m/n/10 (Inverse of paths depend on homotopy class)\TU/lmr/bx/n/10 . \TU/lmr/m/it/10 def:path, def:path$[]\OML/cmm/m/it/10 nverse; def \OT1/cmr/m/n/10 :
 []

./content.tex:126: Undefined control sequence.
l.126         \uses
                   {thm:path_homotopy_equiv, def:path_homotopy}
The control sequence at the end of the top line
of your error message was never \def'ed. If you have
misspelled it (e.g., `\hobx'), type `I' and the correct
spelling (e.g., `I\hbox'). Otherwise just continue,
and I'll forget about whatever was undefined.

./content.tex:126: Missing $ inserted.
<inserted text> 
                $
l.126         \uses{thm:path_
                             homotopy_equiv, def:path_homotopy}
I've inserted a begin-math/end-math symbol since I think
you left one out. Proceed, with fingers crossed.

./content.tex:126: Extra }, or forgotten $.
l.126 ...m:path_homotopy_equiv, def:path_homotopy}
                                                  
I've deleted a group-closing symbol because it seems to be
spurious, as in `$x}$'. But perhaps the } is legitimate and
you forgot something else, as in `\hbox{$x}'. In such cases
the way to recover is to insert both the forgotten and the
deleted material, e.g., by typing `I$}'.

./content.tex:127: Missing $ inserted.
<inserted text> 
                $
l.127 
      
I've inserted a begin-math/end-math symbol since I think
you left one out. Proceed, with fingers crossed.

./content.tex:127: Missing } inserted.
<inserted text> 
                }
l.127 
      
I've inserted something that you may have forgotten.
(See the <inserted text> above.)
With luck, this will get me unwedged. But if you
really didn't forget anything, try typing `2' now; then
my insertion and my current dilemma will both disappear.


Overfull \hbox (37.86148pt too wide) in paragraph at lines 126--127
[]\TU/lmr/bx/n/10 Theorem 14 \TU/lmr/m/n/10 (Homotopy of loops is equvialence relation)\TU/lmr/bx/n/10 . \TU/lmr/m/it/10 thm:path$[]\OML/cmm/m/it/10 omotopy[]quiv; def \OT1/cmr/m/n/10 :
 []

./content.tex:133: Undefined control sequence.
l.133         \uses
                   {def:loop, lem:path_comp_path}
The control sequence at the end of the top line
of your error message was never \def'ed. If you have
misspelled it (e.g., `\hobx'), type `I' and the correct
spelling (e.g., `I\hbox'). Otherwise just continue,
and I'll forget about whatever was undefined.

./content.tex:133: Missing $ inserted.
<inserted text> 
                $
l.133         \uses{def:loop, lem:path_
                                       comp_path}
I've inserted a begin-math/end-math symbol since I think
you left one out. Proceed, with fingers crossed.

./content.tex:133: Extra }, or forgotten $.
l.133         \uses{def:loop, lem:path_comp_path}
                                                 
I've deleted a group-closing symbol because it seems to be
spurious, as in `$x}$'. But perhaps the } is legitimate and
you forgot something else, as in `\hbox{$x}'. In such cases
the way to recover is to insert both the forgotten and the
deleted material, e.g., by typing `I$}'.

./content.tex:134: Missing $ inserted.
<inserted text> 
                $
l.134 
      
I've inserted a begin-math/end-math symbol since I think
you left one out. Proceed, with fingers crossed.

./content.tex:134: Missing } inserted.
<inserted text> 
                }
l.134 
      
I've inserted something that you may have forgotten.
(See the <inserted text> above.)
With luck, this will get me unwedged. But if you
really didn't forget anything, try typing `2' now; then
my insertion and my current dilemma will both disappear.

./content.tex:140: Undefined control sequence.
l.140         \uses
                   {def:loop,def:path_inverse_path}
The control sequence at the end of the top line
of your error message was never \def'ed. If you have
misspelled it (e.g., `\hobx'), type `I' and the correct
spelling (e.g., `I\hbox'). Otherwise just continue,
and I'll forget about whatever was undefined.

./content.tex:140: Missing $ inserted.
<inserted text> 
                $
l.140         \uses{def:loop,def:path_
                                      inverse_path}
I've inserted a begin-math/end-math symbol since I think
you left one out. Proceed, with fingers crossed.

./content.tex:140: Extra }, or forgotten $.
l.140 ...    \uses{def:loop,def:path_inverse_path}
                                                  
I've deleted a group-closing symbol because it seems to be
spurious, as in `$x}$'. But perhaps the } is legitimate and
you forgot something else, as in `\hbox{$x}'. In such cases
the way to recover is to insert both the forgotten and the
deleted material, e.g., by typing `I$}'.

./content.tex:141: Missing $ inserted.
<inserted text> 
                $
l.141 
      
I've inserted a begin-math/end-math symbol since I think
you left one out. Proceed, with fingers crossed.

./content.tex:141: Missing } inserted.
<inserted text> 
                }
l.141 
      
I've inserted something that you may have forgotten.
(See the <inserted text> above.)
With luck, this will get me unwedged. But if you
really didn't forget anything, try typing `2' now; then
my insertion and my current dilemma will both disappear.


LaTeX Warning: Reference `def:path_inverse' on page 2 undefined on input line 142.

./content.tex:147: Undefined control sequence.
l.147         \uses
                   {lem:loop_comp_loop, lem:path_comp_homoclass, thm:loop_ho...
The control sequence at the end of the top line
of your error message was never \def'ed. If you have
misspelled it (e.g., `\hobx'), type `I' and the correct
spelling (e.g., `I\hbox'). Otherwise just continue,
and I'll forget about whatever was undefined.

./content.tex:147: Missing $ inserted.
<inserted text> 
                $
l.147         \uses{lem:loop_
                             comp_loop, lem:path_comp_homoclass, thm:loop_ho...
I've inserted a begin-math/end-math symbol since I think
you left one out. Proceed, with fingers crossed.

./content.tex:147: Extra }, or forgotten $.
l.147 ..._comp_homoclass, thm:loop_homotopy_equiv}
                                                  
I've deleted a group-closing symbol because it seems to be
spurious, as in `$x}$'. But perhaps the } is legitimate and
you forgot something else, as in `\hbox{$x}'. In such cases
the way to recover is to insert both the forgotten and the
deleted material, e.g., by typing `I$}'.

./content.tex:148: Missing $ inserted.
<inserted text> 
                $
l.148 
      
I've inserted a begin-math/end-math symbol since I think
you left one out. Proceed, with fingers crossed.

./content.tex:148: Missing } inserted.
<inserted text> 
                }
l.148 
      
I've inserted something that you may have forgotten.
(See the <inserted text> above.)
With luck, this will get me unwedged. But if you
really didn't forget anything, try typing `2' now; then
my insertion and my current dilemma will both disappear.


Overfull \hbox (31.1311pt too wide) in paragraph at lines 147--148
[]\TU/lmr/bx/n/10 Lemma 17 \TU/lmr/m/n/10 (Composition of loops depend on homotopy class)\TU/lmr/bx/n/10 . \TU/lmr/m/it/10 lem:loop$[]\OML/cmm/m/it/10 omp[]oop; lem \OT1/cmr/m/n/10 :
 []

./content.tex:154: Undefined control sequence.
l.154         \uses
                   {lem:loop_inverse_loop, lem:path_inverse_homoclass, thm:l...
The control sequence at the end of the top line
of your error message was never \def'ed. If you have
misspelled it (e.g., `\hobx'), type `I' and the correct
spelling (e.g., `I\hbox'). Otherwise just continue,
and I'll forget about whatever was undefined.

./content.tex:154: Missing $ inserted.
<inserted text> 
                $
l.154         \uses{lem:loop_
                             inverse_loop, lem:path_inverse_homoclass, thm:l...
I've inserted a begin-math/end-math symbol since I think
you left one out. Proceed, with fingers crossed.

./content.tex:154: Extra }, or forgotten $.
l.154 ...verse_homoclass, thm:loop_homotopy_equiv}
                                                  
I've deleted a group-closing symbol because it seems to be
spurious, as in `$x}$'. But perhaps the } is legitimate and
you forgot something else, as in `\hbox{$x}'. In such cases
the way to recover is to insert both the forgotten and the
deleted material, e.g., by typing `I$}'.

./content.tex:155: Missing $ inserted.
<inserted text> 
                $
l.155 
      
I've inserted a begin-math/end-math symbol since I think
you left one out. Proceed, with fingers crossed.

./content.tex:155: Missing } inserted.
<inserted text> 
                }
l.155 
      
I've inserted something that you may have forgotten.
(See the <inserted text> above.)
With luck, this will get me unwedged. But if you
really didn't forget anything, try typing `2' now; then
my insertion and my current dilemma will both disappear.


Overfull \hbox (17.0158pt too wide) in paragraph at lines 154--155
[]\TU/lmr/bx/n/10 Lemma 18 \TU/lmr/m/n/10 (Inverse of loops depend on homotopy class)\TU/lmr/bx/n/10 . \TU/lmr/m/it/10 lem:loop$[]\OML/cmm/m/it/10 nverse[]oop; lem \OT1/cmr/m/n/10 :
 []

./content.tex:161: Undefined control sequence.
l.161         \uses
                   {lem:loop_comp_homoclass, lem:loop_inverse_homoclass}
The control sequence at the end of the top line
of your error message was never \def'ed. If you have
misspelled it (e.g., `\hobx'), type `I' and the correct
spelling (e.g., `I\hbox'). Otherwise just continue,
and I'll forget about whatever was undefined.

./content.tex:161: Missing $ inserted.
<inserted text> 
                $
l.161         \uses{lem:loop_
                             comp_homoclass, lem:loop_inverse_homoclass}
I've inserted a begin-math/end-math symbol since I think
you left one out. Proceed, with fingers crossed.

./content.tex:161: Extra }, or forgotten $.
l.161 ...mp_homoclass, lem:loop_inverse_homoclass}
                                                  
I've deleted a group-closing symbol because it seems to be
spurious, as in `$x}$'. But perhaps the } is legitimate and
you forgot something else, as in `\hbox{$x}'. In such cases
the way to recover is to insert both the forgotten and the
deleted material, e.g., by typing `I$}'.

./content.tex:162: Missing $ inserted.
<inserted text> 
                $
l.162 
      
I've inserted a begin-math/end-math symbol since I think
you left one out. Proceed, with fingers crossed.

./content.tex:162: Missing } inserted.
<inserted text> 
                }
l.162 
      
I've inserted something that you may have forgotten.
(See the <inserted text> above.)
With luck, this will get me unwedged. But if you
really didn't forget anything, try typing `2' now; then
my insertion and my current dilemma will both disappear.


Overfull \hbox (55.6077pt too wide) in paragraph at lines 161--162
[]\TU/lmr/bx/n/10 Definition 19 \TU/lmr/m/n/10 (Fundamental Group)\TU/lmr/bx/n/10 . \TU/lmr/m/n/10 lem:loop$[]\OML/cmm/m/it/10 omp[]omoclass; lem \OT1/cmr/m/n/10 : \OML/cmm/m/it/10 loop[]nverse[]omoclass[]$ 
 []

./content.tex:169: Undefined control sequence.
l.169         \uses
                   {def:fundamental_group}
The control sequence at the end of the top line
of your error message was never \def'ed. If you have
misspelled it (e.g., `\hobx'), type `I' and the correct
spelling (e.g., `I\hbox'). Otherwise just continue,
and I'll forget about whatever was undefined.

./content.tex:169: Missing $ inserted.
<inserted text> 
                $
l.169         \uses{def:fundamental_
                                    group}
I've inserted a begin-math/end-math symbol since I think
you left one out. Proceed, with fingers crossed.

./content.tex:169: Extra }, or forgotten $.
l.169         \uses{def:fundamental_group}
                                          
I've deleted a group-closing symbol because it seems to be
spurious, as in `$x}$'. But perhaps the } is legitimate and
you forgot something else, as in `\hbox{$x}'. In such cases
the way to recover is to insert both the forgotten and the
deleted material, e.g., by typing `I$}'.

./content.tex:170: Missing $ inserted.
<inserted text> 
                $
l.170 
      
I've inserted a begin-math/end-math symbol since I think
you left one out. Proceed, with fingers crossed.

./content.tex:170: Missing } inserted.
<inserted text> 
                }
l.170 
      
I've inserted something that you may have forgotten.
(See the <inserted text> above.)
With luck, this will get me unwedged. But if you
really didn't forget anything, try typing `2' now; then
my insertion and my current dilemma will both disappear.

./content.tex:176: Undefined control sequence.
l.176         \uses
                   {def:fundamental_group}
The control sequence at the end of the top line
of your error message was never \def'ed. If you have
misspelled it (e.g., `\hobx'), type `I' and the correct
spelling (e.g., `I\hbox'). Otherwise just continue,
and I'll forget about whatever was undefined.



[2]
./content.tex:176: Missing $ inserted.
<inserted text> 
                $
l.176         \uses{def:fundamental_
                                    group}
I've inserted a begin-math/end-math symbol since I think
you left one out. Proceed, with fingers crossed.

./content.tex:176: Extra }, or forgotten $.
l.176         \uses{def:fundamental_group}
                                          
I've deleted a group-closing symbol because it seems to be
spurious, as in `$x}$'. But perhaps the } is legitimate and
you forgot something else, as in `\hbox{$x}'. In such cases
the way to recover is to insert both the forgotten and the
deleted material, e.g., by typing `I$}'.

./content.tex:177: Missing $ inserted.
<inserted text> 
                $
l.177 
      
I've inserted a begin-math/end-math symbol since I think
you left one out. Proceed, with fingers crossed.

./content.tex:177: Missing } inserted.
<inserted text> 
                }
l.177 
      
I've inserted something that you may have forgotten.
(See the <inserted text> above.)
With luck, this will get me unwedged. But if you
really didn't forget anything, try typing `2' now; then
my insertion and my current dilemma will both disappear.

./content.tex:183: Undefined control sequence.
l.183         \uses
                   {def:fundamental_group}
The control sequence at the end of the top line
of your error message was never \def'ed. If you have
misspelled it (e.g., `\hobx'), type `I' and the correct
spelling (e.g., `I\hbox'). Otherwise just continue,
and I'll forget about whatever was undefined.

./content.tex:183: Missing $ inserted.
<inserted text> 
                $
l.183         \uses{def:fundamental_
                                    group}
I've inserted a begin-math/end-math symbol since I think
you left one out. Proceed, with fingers crossed.

./content.tex:183: Extra }, or forgotten $.
l.183         \uses{def:fundamental_group}
                                          
I've deleted a group-closing symbol because it seems to be
spurious, as in `$x}$'. But perhaps the } is legitimate and
you forgot something else, as in `\hbox{$x}'. In such cases
the way to recover is to insert both the forgotten and the
deleted material, e.g., by typing `I$}'.

./content.tex:184: Missing $ inserted.
<inserted text> 
                $
l.184 
      
I've inserted a begin-math/end-math symbol since I think
you left one out. Proceed, with fingers crossed.

./content.tex:184: Missing } inserted.
<inserted text> 
                }
l.184 
      
I've inserted something that you may have forgotten.
(See the <inserted text> above.)
With luck, this will get me unwedged. But if you
really didn't forget anything, try typing `2' now; then
my insertion and my current dilemma will both disappear.

./content.tex:192: Undefined control sequence.
l.192         \uses
                   {lem:loop_comp_inv, lem:loop_comp_neutral, lem:loop_comp_...
The control sequence at the end of the top line
of your error message was never \def'ed. If you have
misspelled it (e.g., `\hobx'), type `I' and the correct
spelling (e.g., `I\hbox'). Otherwise just continue,
and I'll forget about whatever was undefined.

./content.tex:192: Missing $ inserted.
<inserted text> 
                $
l.192         \uses{lem:loop_
                             comp_inv, lem:loop_comp_neutral, lem:loop_comp_...
I've inserted a begin-math/end-math symbol since I think
you left one out. Proceed, with fingers crossed.

./content.tex:192: Extra }, or forgotten $.
l.192 ...m:loop_comp_neutral, lem:loop_comp_assoc}
                                                  
I've deleted a group-closing symbol because it seems to be
spurious, as in `$x}$'. But perhaps the } is legitimate and
you forgot something else, as in `\hbox{$x}'. In such cases
the way to recover is to insert both the forgotten and the
deleted material, e.g., by typing `I$}'.

./content.tex:193: Missing $ inserted.
<inserted text> 
                $
l.193 
      
I've inserted a begin-math/end-math symbol since I think
you left one out. Proceed, with fingers crossed.

./content.tex:193: Missing } inserted.
<inserted text> 
                }
l.193 
      
I've inserted something that you may have forgotten.
(See the <inserted text> above.)
With luck, this will get me unwedged. But if you
really didn't forget anything, try typing `2' now; then
my insertion and my current dilemma will both disappear.


Overfull \hbox (67.45795pt too wide) in paragraph at lines 192--193
[]\TU/lmr/bx/n/10 Theorem 23 \TU/lmr/m/n/10 (Fundamental Group is a Group)\TU/lmr/bx/n/10 . \TU/lmr/m/it/10 lem:loop$[]\OML/cmm/m/it/10 omp[]nv; lem \OT1/cmr/m/n/10 : \OML/cmm/m/it/10 loop[]omp[]eutral; lem \OT1/cmr/m/n/10 :
 []

./content.tex:199: Undefined control sequence.
l.199         \uses
                   {thm:fundamental_group_is_group, lem:Rn_path_equiv_lemma}
The control sequence at the end of the top line
of your error message was never \def'ed. If you have
misspelled it (e.g., `\hobx'), type `I' and the correct
spelling (e.g., `I\hbox'). Otherwise just continue,
and I'll forget about whatever was undefined.

./content.tex:199: Missing $ inserted.
<inserted text> 
                $
l.199         \uses{thm:fundamental_
                                    group_is_group, lem:Rn_path_equiv_lemma}
I've inserted a begin-math/end-math symbol since I think
you left one out. Proceed, with fingers crossed.

./content.tex:199: Extra }, or forgotten $.
l.199 ..._group_is_group, lem:Rn_path_equiv_lemma}
                                                  
I've deleted a group-closing symbol because it seems to be
spurious, as in `$x}$'. But perhaps the } is legitimate and
you forgot something else, as in `\hbox{$x}'. In such cases
the way to recover is to insert both the forgotten and the
deleted material, e.g., by typing `I$}'.

./content.tex:200: Missing $ inserted.
<inserted text> 
                $
l.200 
      
I've inserted a begin-math/end-math symbol since I think
you left one out. Proceed, with fingers crossed.

./content.tex:200: Missing } inserted.
<inserted text> 
                }
l.200 
      
I've inserted something that you may have forgotten.
(See the <inserted text> above.)
With luck, this will get me unwedged. But if you
really didn't forget anything, try typing `2' now; then
my insertion and my current dilemma will both disappear.


Overfull \hbox (2.02568pt too wide) in paragraph at lines 199--200
[]\TU/lmr/bx/n/10 Theorem 24 \TU/lmr/m/n/10 (Fundamental Group of $\U/msb/m/n/10 R[]$\TU/lmr/m/n/10 )\TU/lmr/bx/n/10 . \TU/lmr/m/it/10 thm:fundamental$[]\OML/cmm/m/it/10 roup[]s[]roup; lem \OT1/cmr/m/n/10 :
 []

./content.tex:211: Undefined control sequence.
l.211         \uses
                   {def:fundamental_group}
The control sequence at the end of the top line
of your error message was never \def'ed. If you have
misspelled it (e.g., `\hobx'), type `I' and the correct
spelling (e.g., `I\hbox'). Otherwise just continue,
and I'll forget about whatever was undefined.

./content.tex:211: Missing $ inserted.
<inserted text> 
                $
l.211         \uses{def:fundamental_
                                    group}
I've inserted a begin-math/end-math symbol since I think
you left one out. Proceed, with fingers crossed.

./content.tex:211: Extra }, or forgotten $.
l.211         \uses{def:fundamental_group}
                                          
I've deleted a group-closing symbol because it seems to be
spurious, as in `$x}$'. But perhaps the } is legitimate and
you forgot something else, as in `\hbox{$x}'. In such cases
the way to recover is to insert both the forgotten and the
deleted material, e.g., by typing `I$}'.

./content.tex:212: Missing $ inserted.
<inserted text> 
                $
l.212 
      
I've inserted a begin-math/end-math symbol since I think
you left one out. Proceed, with fingers crossed.

./content.tex:212: Missing } inserted.
<inserted text> 
                }
l.212 
      
I've inserted something that you may have forgotten.
(See the <inserted text> above.)
With luck, this will get me unwedged. But if you
really didn't forget anything, try typing `2' now; then
my insertion and my current dilemma will both disappear.

./content.tex:219: Undefined control sequence.
l.219         \uses
                   {def:beta_h_map}
The control sequence at the end of the top line
of your error message was never \def'ed. If you have
misspelled it (e.g., `\hobx'), type `I' and the correct
spelling (e.g., `I\hbox'). Otherwise just continue,
and I'll forget about whatever was undefined.

./content.tex:219: Missing $ inserted.
<inserted text> 
                $
l.219         \uses{def:beta_
                             h_map}
I've inserted a begin-math/end-math symbol since I think
you left one out. Proceed, with fingers crossed.

./content.tex:219: Double subscript.
l.219         \uses{def:beta_h_
                               map}
I treat `x_1_2' essentially like `x_1{}_2'.

./content.tex:219: Extra }, or forgotten $.
l.219         \uses{def:beta_h_map}
                                   
I've deleted a group-closing symbol because it seems to be
spurious, as in `$x}$'. But perhaps the } is legitimate and
you forgot something else, as in `\hbox{$x}'. In such cases
the way to recover is to insert both the forgotten and the
deleted material, e.g., by typing `I$}'.

./content.tex:220: Missing $ inserted.
<inserted text> 
                $
l.220 
      
I've inserted a begin-math/end-math symbol since I think
you left one out. Proceed, with fingers crossed.

./content.tex:220: Missing } inserted.
<inserted text> 
                }
l.220 
      
I've inserted something that you may have forgotten.
(See the <inserted text> above.)
With luck, this will get me unwedged. But if you
really didn't forget anything, try typing `2' now; then
my insertion and my current dilemma will both disappear.

./content.tex:226: Undefined control sequence.
l.226         \uses
                   {def:beta_h_map}
The control sequence at the end of the top line
of your error message was never \def'ed. If you have
misspelled it (e.g., `\hobx'), type `I' and the correct
spelling (e.g., `I\hbox'). Otherwise just continue,
and I'll forget about whatever was undefined.

./content.tex:226: Missing $ inserted.
<inserted text> 
                $
l.226         \uses{def:beta_
                             h_map}
I've inserted a begin-math/end-math symbol since I think
you left one out. Proceed, with fingers crossed.

./content.tex:226: Double subscript.
l.226         \uses{def:beta_h_
                               map}
I treat `x_1_2' essentially like `x_1{}_2'.

./content.tex:226: Extra }, or forgotten $.
l.226         \uses{def:beta_h_map}
                                   
I've deleted a group-closing symbol because it seems to be
spurious, as in `$x}$'. But perhaps the } is legitimate and
you forgot something else, as in `\hbox{$x}'. In such cases
the way to recover is to insert both the forgotten and the
deleted material, e.g., by typing `I$}'.

./content.tex:227: Missing $ inserted.
<inserted text> 
                $
l.227 
      
I've inserted a begin-math/end-math symbol since I think
you left one out. Proceed, with fingers crossed.

./content.tex:227: Missing } inserted.
<inserted text> 
                }
l.227 
      
I've inserted something that you may have forgotten.
(See the <inserted text> above.)
With luck, this will get me unwedged. But if you
really didn't forget anything, try typing `2' now; then
my insertion and my current dilemma will both disappear.

./content.tex:233: Undefined control sequence.
l.233         \uses
                   {lem:beta_h_map_iso}
The control sequence at the end of the top line
of your error message was never \def'ed. If you have
misspelled it (e.g., `\hobx'), type `I' and the correct
spelling (e.g., `I\hbox'). Otherwise just continue,
and I'll forget about whatever was undefined.

./content.tex:233: Missing $ inserted.
<inserted text> 
                $
l.233         \uses{lem:beta_
                             h_map_iso}
I've inserted a begin-math/end-math symbol since I think
you left one out. Proceed, with fingers crossed.

./content.tex:233: Double subscript.
l.233         \uses{lem:beta_h_
                               map_iso}
I treat `x_1_2' essentially like `x_1{}_2'.

./content.tex:233: Extra }, or forgotten $.
l.233         \uses{lem:beta_h_map_iso}
                                       
I've deleted a group-closing symbol because it seems to be
spurious, as in `$x}$'. But perhaps the } is legitimate and
you forgot something else, as in `\hbox{$x}'. In such cases
the way to recover is to insert both the forgotten and the
deleted material, e.g., by typing `I$}'.

./content.tex:234: Missing $ inserted.
<inserted text> 
                $
l.234 
      
I've inserted a begin-math/end-math symbol since I think
you left one out. Proceed, with fingers crossed.

./content.tex:234: Missing } inserted.
<inserted text> 
                }
l.234 
      
I've inserted something that you may have forgotten.
(See the <inserted text> above.)
With luck, this will get me unwedged. But if you
really didn't forget anything, try typing `2' now; then
my insertion and my current dilemma will both disappear.


Overfull \hbox (5.39572pt too wide) in paragraph at lines 233--234
[]\TU/lmr/bx/n/10 Lemma 28 \TU/lmr/m/n/10 (Fundamental Group doesnt depend on base point)\TU/lmr/bx/n/10 . \TU/lmr/m/it/10 lem:beta$[][]\OML/cmm/m/it/10 ap[]so[]$ 
 []

./content.tex:249: Undefined control sequence.
l.249         \uses
                   {def:wn_loop, def:loop}
The control sequence at the end of the top line
of your error message was never \def'ed. If you have
misspelled it (e.g., `\hobx'), type `I' and the correct
spelling (e.g., `I\hbox'). Otherwise just continue,
and I'll forget about whatever was undefined.

./content.tex:249: Missing $ inserted.
<inserted text> 
                $
l.249         \uses{def:wn_
                           loop, def:loop}
I've inserted a begin-math/end-math symbol since I think
you left one out. Proceed, with fingers crossed.

./content.tex:249: Extra }, or forgotten $.
l.249         \uses{def:wn_loop, def:loop}
                                          
I've deleted a group-closing symbol because it seems to be
spurious, as in `$x}$'. But perhaps the } is legitimate and
you forgot something else, as in `\hbox{$x}'. In such cases
the way to recover is to insert both the forgotten and the
deleted material, e.g., by typing `I$}'.

./content.tex:250: Missing $ inserted.
<inserted text> 
                $
l.250 
      
I've inserted a begin-math/end-math symbol since I think
you left one out. Proceed, with fingers crossed.

./content.tex:250: Missing } inserted.
<inserted text> 
                }
l.250 
      
I've inserted something that you may have forgotten.
(See the <inserted text> above.)
With luck, this will get me unwedged. But if you
really didn't forget anything, try typing `2' now; then
my insertion and my current dilemma will both disappear.

./content.tex:263: Undefined control sequence.
l.263         \uses
                   {def:evenly_covered}
The control sequence at the end of the top line
of your error message was never \def'ed. If you have
misspelled it (e.g., `\hobx'), type `I' and the correct
spelling (e.g., `I\hbox'). Otherwise just continue,
and I'll forget about whatever was undefined.

./content.tex:263: Missing $ inserted.
<inserted text> 
                $
l.263         \uses{def:evenly_
                               covered}
I've inserted a begin-math/end-math symbol since I think
you left one out. Proceed, with fingers crossed.

./content.tex:263: Extra }, or forgotten $.
l.263         \uses{def:evenly_covered}
                                       
I've deleted a group-closing symbol because it seems to be
spurious, as in `$x}$'. But perhaps the } is legitimate and
you forgot something else, as in `\hbox{$x}'. In such cases
the way to recover is to insert both the forgotten and the
deleted material, e.g., by typing `I$}'.

./content.tex:264: Missing $ inserted.
<inserted text> 
                $
l.264 
      
I've inserted a begin-math/end-math symbol since I think
you left one out. Proceed, with fingers crossed.

./content.tex:264: Missing } inserted.
<inserted text> 
                }
l.264 
      
I've inserted something that you may have forgotten.
(See the <inserted text> above.)
With luck, this will get me unwedged. But if you
really didn't forget anything, try typing `2' now; then
my insertion and my current dilemma will both disappear.

./content.tex:271: Undefined control sequence.
l.271         \uses
                   {def:covering_space}
The control sequence at the end of the top line
of your error message was never \def'ed. If you have
misspelled it (e.g., `\hobx'), type `I' and the correct
spelling (e.g., `I\hbox'). Otherwise just continue,
and I'll forget about whatever was undefined.

./content.tex:271: Missing $ inserted.
<inserted text> 
                $
l.271         \uses{def:covering_
                                 space}
I've inserted a begin-math/end-math symbol since I think
you left one out. Proceed, with fingers crossed.

./content.tex:271: Extra }, or forgotten $.
l.271         \uses{def:covering_space}
                                       
I've deleted a group-closing symbol because it seems to be
spurious, as in `$x}$'. But perhaps the } is legitimate and
you forgot something else, as in `\hbox{$x}'. In such cases
the way to recover is to insert both the forgotten and the
deleted material, e.g., by typing `I$}'.

./content.tex:272: Missing $ inserted.
<inserted text> 
                $
l.272 
      
I've inserted a begin-math/end-math symbol since I think
you left one out. Proceed, with fingers crossed.

./content.tex:272: Missing } inserted.
<inserted text> 
                }
l.272 
      
I've inserted something that you may have forgotten.
(See the <inserted text> above.)
With luck, this will get me unwedged. But if you
really didn't forget anything, try typing `2' now; then
my insertion and my current dilemma will both disappear.



[3]
./content.tex:279: Undefined control sequence.
l.279         \uses
                   {lem:homotop_lifting}
The control sequence at the end of the top line
of your error message was never \def'ed. If you have
misspelled it (e.g., `\hobx'), type `I' and the correct
spelling (e.g., `I\hbox'). Otherwise just continue,
and I'll forget about whatever was undefined.

./content.tex:279: Missing $ inserted.
<inserted text> 
                $
l.279         \uses{lem:homotop_
                                lifting}
I've inserted a begin-math/end-math symbol since I think
you left one out. Proceed, with fingers crossed.

./content.tex:279: Extra }, or forgotten $.
l.279         \uses{lem:homotop_lifting}
                                        
I've deleted a group-closing symbol because it seems to be
spurious, as in `$x}$'. But perhaps the } is legitimate and
you forgot something else, as in `\hbox{$x}'. In such cases
the way to recover is to insert both the forgotten and the
deleted material, e.g., by typing `I$}'.

./content.tex:280: Missing $ inserted.
<inserted text> 
                $
l.280 
      
I've inserted a begin-math/end-math symbol since I think
you left one out. Proceed, with fingers crossed.

./content.tex:280: Missing } inserted.
<inserted text> 
                }
l.280 
      
I've inserted something that you may have forgotten.
(See the <inserted text> above.)
With luck, this will get me unwedged. But if you
really didn't forget anything, try typing `2' now; then
my insertion and my current dilemma will both disappear.

./content.tex:288: Undefined control sequence.
l.288         \uses
                   {lem:homotop_lifting}
The control sequence at the end of the top line
of your error message was never \def'ed. If you have
misspelled it (e.g., `\hobx'), type `I' and the correct
spelling (e.g., `I\hbox'). Otherwise just continue,
and I'll forget about whatever was undefined.

./content.tex:288: Missing $ inserted.
<inserted text> 
                $
l.288         \uses{lem:homotop_
                                lifting}
I've inserted a begin-math/end-math symbol since I think
you left one out. Proceed, with fingers crossed.

./content.tex:288: Extra }, or forgotten $.
l.288         \uses{lem:homotop_lifting}
                                        
I've deleted a group-closing symbol because it seems to be
spurious, as in `$x}$'. But perhaps the } is legitimate and
you forgot something else, as in `\hbox{$x}'. In such cases
the way to recover is to insert both the forgotten and the
deleted material, e.g., by typing `I$}'.

./content.tex:289: Missing $ inserted.
<inserted text> 
                $
l.289 
      
I've inserted a begin-math/end-math symbol since I think
you left one out. Proceed, with fingers crossed.

./content.tex:289: Missing } inserted.
<inserted text> 
                }
l.289 
      
I've inserted something that you may have forgotten.
(See the <inserted text> above.)
With luck, this will get me unwedged. But if you
really didn't forget anything, try typing `2' now; then
my insertion and my current dilemma will both disappear.

./content.tex:296: Undefined control sequence.
l.296         \uses
                   {lem:homotop_path_lifting, lem:path_lifting, lem:Rn_path_...
The control sequence at the end of the top line
of your error message was never \def'ed. If you have
misspelled it (e.g., `\hobx'), type `I' and the correct
spelling (e.g., `I\hbox'). Otherwise just continue,
and I'll forget about whatever was undefined.

./content.tex:296: Missing $ inserted.
<inserted text> 
                $
l.296         \uses{lem:homotop_
                                path_lifting, lem:path_lifting, lem:Rn_path_...
I've inserted a begin-math/end-math symbol since I think
you left one out. Proceed, with fingers crossed.

./content.tex:296: Extra }, or forgotten $.
l.296 ...Rn_path_equiv_lemma, lem:wn_loop_is_loop}
                                                  
I've deleted a group-closing symbol because it seems to be
spurious, as in `$x}$'. But perhaps the } is legitimate and
you forgot something else, as in `\hbox{$x}'. In such cases
the way to recover is to insert both the forgotten and the
deleted material, e.g., by typing `I$}'.

./content.tex:297: Missing $ inserted.
<inserted text> 
                $
l.297 
      
I've inserted a begin-math/end-math symbol since I think
you left one out. Proceed, with fingers crossed.

./content.tex:297: Missing } inserted.
<inserted text> 
                }
l.297 
      
I've inserted something that you may have forgotten.
(See the <inserted text> above.)
With luck, this will get me unwedged. But if you
really didn't forget anything, try typing `2' now; then
my insertion and my current dilemma will both disappear.


Overfull \hbox (27.00461pt too wide) in paragraph at lines 296--297
[]\TU/lmr/bx/n/10 Lemma 36 \TU/lmr/m/n/10 ($\OML/cmm/m/it/10 ![]$ \TU/lmr/m/n/10 are not homotopic)\TU/lmr/bx/n/10 . \TU/lmr/m/it/10 lem:homotop$[]\OML/cmm/m/it/10 ath[]ifting; lem \OT1/cmr/m/n/10 : \OML/cmm/m/it/10 path[]ifting; lem \OT1/cmr/m/n/10 :
 []

./content.tex:303: Undefined control sequence.
l.303         \uses
                   {lem:homotop_path_lifting, lem:path_lifting, lem:Rn_path_...
The control sequence at the end of the top line
of your error message was never \def'ed. If you have
misspelled it (e.g., `\hobx'), type `I' and the correct
spelling (e.g., `I\hbox'). Otherwise just continue,
and I'll forget about whatever was undefined.

./content.tex:303: Missing $ inserted.
<inserted text> 
                $
l.303         \uses{lem:homotop_
                                path_lifting, lem:path_lifting, lem:Rn_path_...
I've inserted a begin-math/end-math symbol since I think
you left one out. Proceed, with fingers crossed.

./content.tex:303: Extra }, or forgotten $.
l.303 ...Rn_path_equiv_lemma, lem:wn_loop_is_loop}
                                                  
I've deleted a group-closing symbol because it seems to be
spurious, as in `$x}$'. But perhaps the } is legitimate and
you forgot something else, as in `\hbox{$x}'. In such cases
the way to recover is to insert both the forgotten and the
deleted material, e.g., by typing `I$}'.

./content.tex:304: Missing $ inserted.
<inserted text> 
                $
l.304 
      
I've inserted a begin-math/end-math symbol since I think
you left one out. Proceed, with fingers crossed.

./content.tex:304: Missing } inserted.
<inserted text> 
                }
l.304 
      
I've inserted something that you may have forgotten.
(See the <inserted text> above.)
With luck, this will get me unwedged. But if you
really didn't forget anything, try typing `2' now; then
my insertion and my current dilemma will both disappear.


Overfull \hbox (16.02905pt too wide) in paragraph at lines 303--304
[]\TU/lmr/bx/n/10 Lemma 37 \TU/lmr/m/n/10 (All $\OML/cmm/m/it/10 S[]$ \TU/lmr/m/n/10 loops are $\OML/cmm/m/it/10 ![]$\TU/lmr/m/n/10 )\TU/lmr/bx/n/10 . \TU/lmr/m/it/10 lem:homotop$[]\OML/cmm/m/it/10 ath[]ifting; lem \OT1/cmr/m/n/10 : \OML/cmm/m/it/10 path[]ifting; lem \OT1/cmr/m/n/10 :
 []

./content.tex:318: Undefined control sequence.
l.318         \uses
                   {def:fundamental_group,lem:loop_S1_homotopic_wn, lem:wn_d...
The control sequence at the end of the top line
of your error message was never \def'ed. If you have
misspelled it (e.g., `\hobx'), type `I' and the correct
spelling (e.g., `I\hbox'). Otherwise just continue,
and I'll forget about whatever was undefined.

./content.tex:318: Missing $ inserted.
<inserted text> 
                $
l.318         \uses{def:fundamental_
                                    group,lem:loop_S1_homotopic_wn, lem:wn_d...
I've inserted a begin-math/end-math symbol since I think
you left one out. Proceed, with fingers crossed.

./content.tex:318: Extra }, or forgotten $.
l.318 ...em:wn_diff_homoclass, lem:wn_comp_is_sum}
                                                  
I've deleted a group-closing symbol because it seems to be
spurious, as in `$x}$'. But perhaps the } is legitimate and
you forgot something else, as in `\hbox{$x}'. In such cases
the way to recover is to insert both the forgotten and the
deleted material, e.g., by typing `I$}'.

./content.tex:319: Missing $ inserted.
<inserted text> 
                $
l.319 
      
I've inserted a begin-math/end-math symbol since I think
you left one out. Proceed, with fingers crossed.

./content.tex:319: Missing } inserted.
<inserted text> 
                }
l.319 
      
I've inserted something that you may have forgotten.
(See the <inserted text> above.)
With luck, this will get me unwedged. But if you
really didn't forget anything, try typing `2' now; then
my insertion and my current dilemma will both disappear.


Overfull \hbox (75.66681pt too wide) in paragraph at lines 318--319
[]\TU/lmr/bx/n/10 Theorem 39 \TU/lmr/m/n/10 (Fundamental group of S1)\TU/lmr/bx/n/10 . \TU/lmr/m/it/10 def:fundamental$[]\OML/cmm/m/it/10 roup; lem \OT1/cmr/m/n/10 : \OML/cmm/m/it/10 loop[]\OT1/cmr/m/n/10 1[]\OML/cmm/m/it/10 omotopic[]n; lem \OT1/cmr/m/n/10 :
 []

)

[4] (./web.aux)
 ***********
LaTeX2e <2025-06-01> patch level 1
L3 programming layer <2025-07-19>
 ***********


LaTeX Warning: There were undefined references.


LaTeX Warning: Label(s) may have changed. Rerun to get cross-references right.


Package rerunfilecheck Warning: File `web.out' has changed.
(rerunfilecheck)                Rerun to get outlines right
(rerunfilecheck)                or use package `bookmark'.

Package rerunfilecheck Info: Checksums for `web.out':
(rerunfilecheck)             Before: <no file>
(rerunfilecheck)             After:  87DB8F675B39172C45C3322FB430EFF5;544.
 )
(\end occurred inside a group at level 1)

### simple group (level 1) entered at line 17 ({)
### bottom level 
Here is how much of TeX's memory you used:
 9039 strings out of 468457
 137740 string characters out of 5445913
 547060 words of memory out of 5000000
 37379 multiletter control sequences out of 15000+600000
 633641 words of font info for 81 fonts, out of 8000000 for 9000
 1348 hyphenation exceptions out of 8191
 72i,9n,79p,623b,1111s stack positions out of 10000i,1000n,20000p,200000b,200000s

Output written on web.pdf (6 pages).
